\BOOKMARK [1][-]{Section.0.Introduction.1}{\376\377\000I\000n\000t\000r\000o\000d\000u\000c\000t\000i\000o\000n}{}% 1
\BOOKMARK [1][-]{Section.1.Background on Mapping.1}{\376\377\000B\000a\000c\000k\000g\000r\000o\000u\000n\000d\000\040\000o\000n\000\040\000M\000a\000p\000p\000i\000n\000g}{}% 2
\BOOKMARK [2][-]{Subsection.2.0.Static Mapping.2}{\376\377\000S\000t\000a\000t\000i\000c\000\040\000M\000a\000p\000p\000i\000n\000g}{Section.1.Background on Mapping.1}% 3
\BOOKMARK [2][-]{Subsection.2.1.Dynamic Mapping.2}{\376\377\000D\000y\000n\000a\000m\000i\000c\000\040\000M\000a\000p\000p\000i\000n\000g}{Section.1.Background on Mapping.1}% 4
\BOOKMARK [1][-]{Section.2.The evomap Package.1}{\376\377\000T\000h\000e\000\040\000e\000v\000o\000m\000a\000p\000\040\000P\000a\000c\000k\000a\000g\000e}{}% 5
\BOOKMARK [2][-]{Subsection.3.0.Installation.2}{\376\377\000I\000n\000s\000t\000a\000l\000l\000a\000t\000i\000o\000n}{Section.2.The evomap Package.1}% 6
\BOOKMARK [2][-]{Subsection.3.1.Key Dependencies.2}{\376\377\000K\000e\000y\000\040\000D\000e\000p\000e\000n\000d\000e\000n\000c\000i\000e\000s}{Section.2.The evomap Package.1}% 7
\BOOKMARK [2][-]{Subsection.3.2.Package Overview.2}{\376\377\000P\000a\000c\000k\000a\000g\000e\000\040\000O\000v\000e\000r\000v\000i\000e\000w}{Section.2.The evomap Package.1}% 8
\BOOKMARK [2][-]{Subsection.3.3.Basic Usage.2}{\376\377\000B\000a\000s\000i\000c\000\040\000U\000s\000a\000g\000e}{Section.2.The evomap Package.1}% 9
\BOOKMARK [2][-]{Subsection.3.4.Package Design and Implementation.2}{\376\377\000P\000a\000c\000k\000a\000g\000e\000\040\000D\000e\000s\000i\000g\000n\000\040\000a\000n\000d\000\040\000I\000m\000p\000l\000e\000m\000e\000n\000t\000a\000t\000i\000o\000n}{Section.2.The evomap Package.1}% 10
\BOOKMARK [1][-]{Section.3.Detailed Usage Example.1}{\376\377\000D\000e\000t\000a\000i\000l\000e\000d\000\040\000U\000s\000a\000g\000e\000\040\000E\000x\000a\000m\000p\000l\000e}{}% 11
\BOOKMARK [2][-]{Subsection.4.0.Preprocessing.2}{\376\377\000P\000r\000e\000p\000r\000o\000c\000e\000s\000s\000i\000n\000g}{Section.3.Detailed Usage Example.1}% 12
\BOOKMARK [2][-]{Subsection.4.1.Dynamic Mapping with EvoMap.2}{\376\377\000D\000y\000n\000a\000m\000i\000c\000\040\000M\000a\000p\000p\000i\000n\000g\000\040\000w\000i\000t\000h\000\040\000E\000v\000o\000M\000a\000p}{Section.3.Detailed Usage Example.1}% 13
\BOOKMARK [3][-]{Subsubsection.4.2.0.Starting Positions.3}{\376\377\000S\000t\000a\000r\000t\000i\000n\000g\000\040\000P\000o\000s\000i\000t\000i\000o\000n\000s}{Subsection.4.1.Dynamic Mapping with EvoMap.2}% 14
\BOOKMARK [3][-]{Subsubsection.4.2.1.EvoMap's Hyperparameters.3}{\376\377\000E\000v\000o\000M\000a\000p\000'\000s\000\040\000H\000y\000p\000e\000r\000p\000a\000r\000a\000m\000e\000t\000e\000r\000s}{Subsection.4.1.Dynamic Mapping with EvoMap.2}% 15
\BOOKMARK [3][-]{Subsubsection.4.2.2.Convergence Diagnostics.3}{\376\377\000C\000o\000n\000v\000e\000r\000g\000e\000n\000c\000e\000\040\000D\000i\000a\000g\000n\000o\000s\000t\000i\000c\000s}{Subsection.4.1.Dynamic Mapping with EvoMap.2}% 16
\BOOKMARK [2][-]{Subsection.4.2.Exploration.2}{\376\377\000E\000x\000p\000l\000o\000r\000a\000t\000i\000o\000n}{Section.3.Detailed Usage Example.1}% 17
\BOOKMARK [3][-]{Subsubsection.4.3.0.Static Maps.3}{\376\377\000S\000t\000a\000t\000i\000c\000\040\000M\000a\000p\000s}{Subsection.4.2.Exploration.2}% 18
\BOOKMARK [3][-]{Subsubsection.4.3.1.Dynamic Maps.3}{\376\377\000D\000y\000n\000a\000m\000i\000c\000\040\000M\000a\000p\000s}{Subsection.4.2.Exploration.2}% 19
\BOOKMARK [2][-]{Subsection.4.3.Evaluation.2}{\376\377\000E\000v\000a\000l\000u\000a\000t\000i\000o\000n}{Section.3.Detailed Usage Example.1}% 20
\BOOKMARK [1][-]{Section.4.Advanced Features.1}{\376\377\000A\000d\000v\000a\000n\000c\000e\000d\000\040\000F\000e\000a\000t\000u\000r\000e\000s}{}% 21
\BOOKMARK [2][-]{Subsection.5.0.Finding Good Hyperparameter Values.2}{\376\377\000F\000i\000n\000d\000i\000n\000g\000\040\000G\000o\000o\000d\000\040\000H\000y\000p\000e\000r\000p\000a\000r\000a\000m\000e\000t\000e\000r\000\040\000V\000a\000l\000u\000e\000s}{Section.4.Advanced Features.1}% 22
\BOOKMARK [2][-]{Subsection.5.1.Dealing with Unbalanced Data.2}{\376\377\000D\000e\000a\000l\000i\000n\000g\000\040\000w\000i\000t\000h\000\040\000U\000n\000b\000a\000l\000a\000n\000c\000e\000d\000\040\000D\000a\000t\000a}{Section.4.Advanced Features.1}% 23
\BOOKMARK [1][-]{Section.5.Summary and Discussion.1}{\376\377\000S\000u\000m\000m\000a\000r\000y\000\040\000a\000n\000d\000\040\000D\000i\000s\000c\000u\000s\000s\000i\000o\000n}{}% 24
